<?xml version="1.0" encoding="UTF-8"?>
<testsuite xmlns:xsi="http://www.w3.org/2001/XMLSchema-instance" xsi:noNamespaceSchemaLocation="https://maven.apache.org/surefire/maven-surefire-plugin/xsd/surefire-test-report-3.0.xsd" version="3.0" name="lt.esdc.designpatterns.controller.NoodleMachineControllerImplTest" time="0.129" tests="4" errors="0" skipped="0" failures="0">
  <properties>
[...]
</properties>
  <testcase name="shouldSendCommandsForItalyOrder" classname="lt.esdc.designpatterns.controller.NoodleMachineControllerImplTest" time="0.089"/>
  <testcase name="shouldUseItalyAsDefaultRegionWhenNotSpecified" classname="lt.esdc.designpatterns.controller.NoodleMachineControllerImplTest" time="0.009">
    <system-out><![CDATA[14:38:17.959 [main] INFO lt.esdc.designpatterns.controller.NoodleMachineControllerImpl -- Region not specified. Defaulting to ITALY.
]]></system-out>
  </testcase>
  <testcase name="shouldThrowOnNullOrder" classname="lt.esdc.designpatterns.controller.NoodleMachineControllerImplTest" time="0.004"/>
  <testcase name="shouldThrowOnEmptyOrder" classname="lt.esdc.designpatterns.controller.NoodleMachineControllerImplTest" time="0.001"/>
</testsuite>